<?xml version="1.0" encoding="UTF-8"?>
<!-- Generated by org.testng.reporters.JUnitReportReporter -->
<testsuite skipped="0" hostname="DESKTOP-KSE1KLR" name="com.db.test.NewTest" tests="1" failures="0" timestamp="04 Apr 2019 14:08:23 GMT" time="65.916" errors="0">
  <testcase name="f" time="65.916" classname="com.db.test.NewTest"/>
</testsuite> <!-- com.db.test.NewTest -->
